<?xml version="1.0" encoding="UTF-8"?>
<robot generator="Robot 3.1.2 (Python 3.8.2 on win32)" generated="20200426 02:13:47.657" rpa="false">
<suite id="s1" name="Assignment1" source="C:\Users\Havish\AppData\Local\Programs\Python\Udemy Ride Projects\Demo\Assignment1.robot">
<test id="s1-t1" name="Assi3">
<kw name="Log To Console" library="BuiltIn">
<doc>Logs the given message to the console.</doc>
<arguments>
<arg>Hello World</arg>
</arguments>
<status status="PASS" starttime="20200426 02:13:47.706" endtime="20200426 02:13:47.706"></status>
</kw>
<status status="PASS" starttime="20200426 02:13:47.705" endtime="20200426 02:13:47.707" critical="yes"></status>
</test>
<status status="PASS" starttime="20200426 02:13:47.660" endtime="20200426 02:13:47.708"></status>
</suite>
<statistics>
<total>
<stat pass="1" fail="0">Critical Tests</stat>
<stat pass="1" fail="0">All Tests</stat>
</total>
<tag>
</tag>
<suite>
<stat pass="1" fail="0" id="s1" name="Assignment1">Assignment1</stat>
</suite>
</statistics>
<errors>
</errors>
</robot>
